# JRE version: Java(TM) SE Runtime Environment (17.0.8+9) (build 17.0.8+9-LTS-211)
# Java VM: Java HotSpot(TM) 64-Bit Server VM (17.0.8+9-LTS-211, mixed mode, sharing, tiered, compressed oops, compressed class ptrs, g1 gc, windows-amd64)
GC Precious Log:
 CPUs: 8 total, 8 available
 Memory: 7997M
 Large Page Support: Disabled
 NUMA Support: Disabled
 Compressed Oops: Enabled (32-bit)
 Heap Region Size: 1M
 Heap Min Capacity: 8M
 Heap Initial Capacity: 126M
 Heap Max Capacity: 2000M
 Pre-touch: Disabled
 Parallel Workers: 8
 Concurrent Workers: 2
 Concurrent Refinement Workers: 8
 Periodic GC: Disabled
Heap:
 garbage-first heap   total 244736K, used 162304K [0x0000000083000000, 0x0000000100000000)
  region size 1024K, 111 young (113664K), 4 survivors (4096K)
 Metaspace       used 27123K, committed 27456K, reserved 1114112K
  class space    used 2957K, committed 3136K, reserved 1048576K
GC Heap History (16 events):
Event: 0.630 GC heap before
{Heap before GC invocations=0 (full 0):
 garbage-first heap   total 129024K, used 23552K [0x0000000083000000, 0x0000000100000000)
  region size 1024K, 23 young (23552K), 0 survivors (0K)
 Metaspace       used 4806K, committed 4928K, reserved 1114112K
  class space    used 570K, committed 640K, reserved 1048576K
}
Event: 0.634 GC heap after
{Heap after GC invocations=1 (full 0):
 garbage-first heap   total 129024K, used 3545K [0x0000000083000000, 0x0000000100000000)
  region size 1024K, 3 young (3072K), 3 survivors (3072K)
 Metaspace       used 4806K, committed 4928K, reserved 1114112K
  class space    used 570K, committed 640K, reserved 1048576K
}
Event: 1.406 GC heap before
{Heap before GC invocations=1 (full 0):
 garbage-first heap   total 129024K, used 35289K [0x0000000083000000, 0x0000000100000000)
  region size 1024K, 34 young (34816K), 3 survivors (3072K)
 Metaspace       used 10646K, committed 10816K, reserved 1114112K
  class space    used 1298K, committed 1408K, reserved 1048576K
}
Event: 1.416 GC heap after
{Heap after GC invocations=2 (full 0):
 garbage-first heap   total 129024K, used 6103K [0x0000000083000000, 0x0000000100000000)
  region size 1024K, 3 young (3072K), 3 survivors (3072K)
 Metaspace       used 10646K, committed 10816K, reserved 1114112K
  class space    used 1298K, committed 1408K, reserved 1048576K
}
Event: 2.619 GC heap before
{Heap before GC invocations=2 (full 0):
 garbage-first heap   total 129024K, used 79831K [0x0000000083000000, 0x0000000100000000)
  region size 1024K, 75 young (76800K), 3 survivors (3072K)
 Metaspace       used 12735K, committed 12928K, reserved 1114112K
  class space    used 1446K, committed 1536K, reserved 1048576K
}
Event: 2.630 GC heap after
{Heap after GC invocations=3 (full 0):
 garbage-first heap   total 129024K, used 13238K [0x0000000083000000, 0x0000000100000000)
  region size 1024K, 10 young (10240K), 10 survivors (10240K)
 Metaspace       used 12735K, committed 12928K, reserved 1114112K
  class space    used 1446K, committed 1536K, reserved 1048576K
}
Event: 4.088 GC heap before
{Heap before GC invocations=3 (full 0):
 garbage-first heap   total 129024K, used 79798K [0x0000000083000000, 0x0000000100000000)
  region size 1024K, 75 young (76800K), 10 survivors (10240K)
 Metaspace       used 15060K, committed 15360K, reserved 1114112K
  class space    used 1636K, committed 1792K, reserved 1048576K
}
Event: 4.108 GC heap after
{Heap after GC invocations=4 (full 0):
 garbage-first heap   total 129024K, used 18729K [0x0000000083000000, 0x0000000100000000)
  region size 1024K, 6 young (6144K), 6 survivors (6144K)
 Metaspace       used 15060K, committed 15360K, reserved 1114112K
  class space    used 1636K, committed 1792K, reserved 1048576K
}
Event: 5.269 GC heap before
{Heap before GC invocations=4 (full 0):
 garbage-first heap   total 129024K, used 43305K [0x0000000083000000, 0x0000000100000000)
  region size 1024K, 27 young (27648K), 6 survivors (6144K)
 Metaspace       used 21231K, committed 21504K, reserved 1114112K
  class space    used 2401K, committed 2560K, reserved 1048576K
}
Event: 5.282 GC heap after
{Heap after GC invocations=5 (full 0):
 garbage-first heap   total 129024K, used 28167K [0x0000000083000000, 0x0000000100000000)
  region size 1024K, 6 young (6144K), 6 survivors (6144K)
 Metaspace       used 21231K, committed 21504K, reserved 1114112K
  class space    used 2401K, committed 2560K, reserved 1048576K
}
Event: 6.835 GC heap before
{Heap before GC invocations=6 (full 0):
 garbage-first heap   total 99328K, used 82439K [0x0000000083000000, 0x0000000100000000)
  region size 1024K, 58 young (59392K), 6 survivors (6144K)
 Metaspace       used 23326K, committed 23552K, reserved 1114112K
  class space    used 2603K, committed 2688K, reserved 1048576K
}
Event: 6.869 GC heap after
{Heap after GC invocations=7 (full 0):
 garbage-first heap   total 107520K, used 46080K [0x0000000083000000, 0x0000000100000000)
  region size 1024K, 8 young (8192K), 8 survivors (8192K)
 Metaspace       used 23326K, committed 23552K, reserved 1114112K
  class space    used 2603K, committed 2688K, reserved 1048576K
}
Event: 6.882 GC heap before
{Heap before GC invocations=7 (full 0):
 garbage-first heap   total 107520K, used 47104K [0x0000000083000000, 0x0000000100000000)
  region size 1024K, 9 young (9216K), 8 survivors (8192K)
 Metaspace       used 23336K, committed 23616K, reserved 1114112K
  class space    used 2603K, committed 2688K, reserved 1048576K
}
Event: 6.903 GC heap after
{Heap after GC invocations=8 (full 0):
 garbage-first heap   total 107520K, used 47104K [0x0000000083000000, 0x0000000100000000)
  region size 1024K, 1 young (1024K), 1 survivors (1024K)
 Metaspace       used 23336K, committed 23616K, reserved 1114112K
  class space    used 2603K, committed 2688K, reserved 1048576K
}
Event: 7.435 GC heap before
{Heap before GC invocations=8 (full 0):
 garbage-first heap   total 107520K, used 78848K [0x0000000083000000, 0x0000000100000000)
  region size 1024K, 31 young (31744K), 1 survivors (1024K)
 Metaspace       used 24034K, committed 24256K, reserved 1114112K
  class space    used 2646K, committed 2752K, reserved 1048576K
}
Event: 7.448 GC heap after
{Heap after GC invocations=9 (full 0):
 garbage-first heap   total 244736K, used 52736K [0x0000000083000000, 0x0000000100000000)
  region size 1024K, 4 young (4096K), 4 survivors (4096K)
 Metaspace       used 24034K, committed 24256K, reserved 1114112K
  class space    used 2646K, committed 2752K, reserved 1048576K
}

